{"env":"development","level":"info","message":"Server running on port 5000","port":"5000","timestamp":"2026-04-07 14:12:49.608"}
{"level":"info","message":"MongoDB connected successfully","timestamp":"2026-04-07 14:12:49.651"}
{"env":"development","level":"info","message":"Server running on port 5000","port":"5000","timestamp":"2026-04-07 14:13:26.105"}
{"level":"info","message":"MongoDB connected successfully","timestamp":"2026-04-07 14:13:26.175"}
{"env":"development","level":"info","message":"Server running on port 5000","port":"5000","timestamp":"2026-04-07 14:13:50.039"}
{"level":"info","message":"MongoDB connected successfully","timestamp":"2026-04-07 14:13:50.105"}
{"env":"development","level":"info","message":"Server running on port 5000","port":"5000","timestamp":"2026-04-07 14:16:22.607"}
{"level":"info","message":"MongoDB connected successfully","timestamp":"2026-04-07 14:16:22.666"}
{"env":"development","level":"info","message":"Server running on port 5000","port":"5000","timestamp":"2026-04-07 14:16:41.446"}
{"level":"info","message":"MongoDB connected successfully","timestamp":"2026-04-07 14:16:41.490"}
{"level":"info","message":"Logger smoke test","timestamp":"2026-04-07 14:17:14.901"}
{"level":"warn","message":"Warn test","timestamp":"2026-04-07 14:17:14.905"}
{"level":"error","message":"Error test","timestamp":"2026-04-07 14:17:14.906"}
{"env":"development","level":"info","message":"Server running on port 5000","port":"5000","timestamp":"2026-04-07 15:24:11.754"}
{"level":"info","message":"MongoDB connected successfully","timestamp":"2026-04-07 15:24:11.781"}
{"env":"development","level":"info","message":"Server running on port 5000","port":"5000","timestamp":"2026-04-07 15:28:08.958"}
{"level":"info","message":"MongoDB connected successfully","timestamp":"2026-04-07 15:28:08.993"}
{"env":"development","level":"info","message":"Server running on port 5000","port":"5000","timestamp":"2026-04-07 15:53:25.342"}
{"level":"info","message":"MongoDB connected successfully","timestamp":"2026-04-07 15:53:25.365"}
{"env":"development","level":"info","message":"Server running on port 5000","port":"5000","timestamp":"2026-04-07 15:55:28.727"}
{"level":"info","message":"MongoDB connected successfully","timestamp":"2026-04-07 15:55:28.763"}
{"env":"development","level":"info","message":"Server running on port 5000","port":"5000","timestamp":"2026-04-07 15:55:37.847"}
{"level":"info","message":"MongoDB connected successfully","timestamp":"2026-04-07 15:55:37.870"}
{"env":"development","level":"info","message":"Server running on port 5000","port":"5000","timestamp":"2026-04-07 16:26:57.201"}
{"level":"info","message":"MongoDB connected successfully","timestamp":"2026-04-07 16:26:57.221"}
{"env":"development","level":"info","message":"Server running on port 5000","port":"5000","timestamp":"2026-04-07 16:27:05.644"}
{"level":"info","message":"MongoDB connected successfully","timestamp":"2026-04-07 16:27:05.671"}
{"env":"development","level":"info","message":"Server running on port 5000","port":"5000","timestamp":"2026-04-07 16:27:11.743"}
{"level":"info","message":"MongoDB connected successfully","timestamp":"2026-04-07 16:27:11.764"}
{"env":"development","level":"info","message":"Server running on port 5000","port":"5000","timestamp":"2026-04-07 16:27:18.010"}
{"level":"info","message":"MongoDB connected successfully","timestamp":"2026-04-07 16:27:18.041"}
{"env":"development","level":"info","message":"Server running on port 5000","port":"5000","timestamp":"2026-04-07 16:27:24.230"}
{"level":"info","message":"MongoDB connected successfully","timestamp":"2026-04-07 16:27:24.256"}
{"env":"development","level":"info","message":"Server running on port 5000","port":"5000","timestamp":"2026-04-07 16:33:24.489"}
{"level":"info","message":"MongoDB connected successfully","timestamp":"2026-04-07 16:33:24.508"}
{"env":"development","level":"info","message":"Server running on port 5000","port":"5000","timestamp":"2026-04-07 16:33:31.308"}
{"level":"info","message":"MongoDB connected successfully","timestamp":"2026-04-07 16:33:31.333"}
{"env":"development","level":"info","message":"Server running on port 5000","port":"5000","timestamp":"2026-04-07 16:33:37.388"}
{"level":"info","message":"MongoDB connected successfully","timestamp":"2026-04-07 16:33:37.413"}
{"env":"development","level":"info","message":"Server running on port 5000","port":"5000","timestamp":"2026-04-07 16:33:43.287"}
{"level":"info","message":"MongoDB connected successfully","timestamp":"2026-04-07 16:33:43.317"}
{"durationMs":1,"ip":"::1","level":"warn","message":"POST /api/users/sync → 404 (1ms)","method":"POST","statusCode":404,"timestamp":"2026-04-07 16:38:45.192","url":"/api/users/sync","userAgent":"Mozilla/5.0 (Windows NT 10.0; Win64; x64) AppleWebKit/537.36 (KHTML, like Gecko) Chrome/146.0.0.0 Safari/537.36 Edg/146.0.0.0"}
